<?xml version="1.0" encoding="UTF-8"?>
<testsuite name="A new user account can be created if a proper unused username and a proper are given" tests="4" skipped="0" failures="0" errors="0" timestamp="2020-11-10T19:56:06" hostname="lx9-fuxi100" time="0.268">
  <properties/>
  <testcase name="creation is successful with valid username and password" classname="A new user account can be created if a proper unused username and a proper are given" time="0.104"/>
  <testcase name="creation fails with too short username and valid password" classname="A new user account can be created if a proper unused username and a proper are given" time="0.057"/>
  <testcase name="creation fails with correct username and too short password" classname="A new user account can be created if a proper unused username and a proper are given" time="0.059"/>
  <testcase name="creation fails when password and password confirmation do not match" classname="A new user account can be created if a proper unused username and a proper are given" time="0.048"/>
  <system-out><![CDATA[
Scenario: creation is successful with valid username and password                                       ?[90m# src/test/resources/ohtu/new_user.feature:3?[0m
  ?[32mGiven ?[0m?[32mcommand new user is selected?[0m                                                                    ?[90m# ohtu.Stepdefs.newUserSelected()?[0m
  ?[32mWhen ?[0m?[32ma valid username ?[0m?[32m?[1m"liisa"?[0m?[32m and password ?[0m?[32m?[1m"salainen1"?[0m?[32m and matching password confirmation are entered?[0m ?[90m# ohtu.Stepdefs.validUsernameAndValidMatchingPasswordAreEntered(java.lang.String,java.lang.String)?[0m
  ?[32mThen ?[0m?[32ma new user is created?[0m                                                                            ?[90m# ohtu.Stepdefs.aNewUserIsCreated()?[0m

Scenario: creation fails with too short username and valid password                           ?[90m# src/test/resources/ohtu/new_user.feature:8?[0m
  ?[32mGiven ?[0m?[32mcommand new user is selected?[0m                                                          ?[90m# ohtu.Stepdefs.newUserSelected()?[0m
  ?[32mWhen ?[0m?[32ma invalid username ?[0m?[32m?[1m"li"?[0m?[32m and valid password ?[0m?[32m?[1m"salainen1"?[0m?[32m are entered?[0m                     ?[90m# ohtu.Stepdefs.aInvalidUsernameAndValidPasswordAreEntered(java.lang.String,java.lang.String)?[0m
  ?[32mThen ?[0m?[32muser is not created and error ?[0m?[32m?[1m"username should have at least 3 characters"?[0m?[32m is reported?[0m ?[90m# ohtu.Stepdefs.creatingFailsAndSystemWillRespond(java.lang.String)?[0m

Scenario: creation fails with correct username and too short password                         ?[90m# src/test/resources/ohtu/new_user.feature:13?[0m
  ?[32mGiven ?[0m?[32mcommand new user is selected?[0m                                                          ?[90m# ohtu.Stepdefs.newUserSelected()?[0m
  ?[32mWhen ?[0m?[32ma valid username ?[0m?[32m?[1m"pentti"?[0m?[32m and invalid password ?[0m?[32m?[1m"sal"?[0m?[32m are entered?[0m                       ?[90m# ohtu.Stepdefs.aValidUsernameAndInvalidPasswordAreEntered(java.lang.String,java.lang.String)?[0m
  ?[32mThen ?[0m?[32muser is not created and error ?[0m?[32m?[1m"password should have at least 8 characters"?[0m?[32m is reported?[0m ?[90m# ohtu.Stepdefs.creatingFailsAndSystemWillRespond(java.lang.String)?[0m

Scenario: creation fails when password and password confirmation do not match                                                 ?[90m# src/test/resources/ohtu/new_user.feature:18?[0m
  ?[32mGiven ?[0m?[32mcommand new user is selected?[0m                                                                                          ?[90m# ohtu.Stepdefs.newUserSelected()?[0m
  ?[32mWhen ?[0m?[32ma valid username ?[0m?[32m?[1m"liisa"?[0m?[32m and valid password ?[0m?[32m?[1m"salainen1"?[0m?[32m and not matching password confirmation ?[0m?[32m?[1m"salainen2"?[0m?[32m are entered?[0m ?[90m# ohtu.Stepdefs.aValidUsernameAndValidPasswordAndNotMatchingPasswordConfirmationAreEntered(java.lang.String,java.lang.String,java.lang.String)?[0m
  ?[32mThen ?[0m?[32muser is not created and error ?[0m?[32m?[1m"password and password confirmation do not match"?[0m?[32m is reported?[0m                            ?[90m# ohtu.Stepdefs.creatingFailsAndSystemWillRespond(java.lang.String)?[0m
]]></system-out>
  <system-err><![CDATA[]]></system-err>
</testsuite>
