<?xml version="1.0" encoding="UTF-8"?>
<testsuite name="A new user account can be created if a proper unused username and a proper are given" tests="6" skipped="0" failures="0" errors="0" timestamp="2020-11-10T20:31:34" hostname="lx9-fuxi100" time="0.456">
  <properties/>
  <testcase name="creation is successful with valid username and password" classname="A new user account can be created if a proper unused username and a proper are given" time="0.099"/>
  <testcase name="creation fails with too short username and valid password" classname="A new user account can be created if a proper unused username and a proper are given" time="0.077"/>
  <testcase name="creation fails with correct username and too short password" classname="A new user account can be created if a proper unused username and a proper are given" time="0.055"/>
  <testcase name="creation fails when password and password confirmation do not match" classname="A new user account can be created if a proper unused username and a proper are given" time="0.051"/>
  <testcase name="user can login with successfully generated account" classname="A new user account can be created if a proper unused username and a proper are given" time="0.09"/>
  <testcase name="user can not login with account that is not successfully created" classname="A new user account can be created if a proper unused username and a proper are given" time="0.08"/>
  <system-out><![CDATA[
Scenario: creation is successful with valid username and password                                       ?[90m# src/test/resources/ohtu/new_user.feature:3?[0m
  ?[32mGiven ?[0m?[32mcommand new user is selected?[0m                                                                    ?[90m# ohtu.Stepdefs.newUserSelected()?[0m
  ?[32mWhen ?[0m?[32ma valid username ?[0m?[32m?[1m"liisa"?[0m?[32m and password ?[0m?[32m?[1m"salainen1"?[0m?[32m and matching password confirmation are entered?[0m ?[90m# ohtu.Stepdefs.validUsernameAndValidMatchingPasswordAreEntered(java.lang.String,java.lang.String)?[0m
  ?[32mThen ?[0m?[32ma new user is created?[0m                                                                            ?[90m# ohtu.Stepdefs.aNewUserIsCreated()?[0m

Scenario: creation fails with too short username and valid password                           ?[90m# src/test/resources/ohtu/new_user.feature:8?[0m
  ?[32mGiven ?[0m?[32mcommand new user is selected?[0m                                                          ?[90m# ohtu.Stepdefs.newUserSelected()?[0m
  ?[32mWhen ?[0m?[32ma invalid username ?[0m?[32m?[1m"li"?[0m?[32m and valid password ?[0m?[32m?[1m"salainen1"?[0m?[32m are entered?[0m                     ?[90m# ohtu.Stepdefs.aInvalidUsernameAndValidPasswordAreEntered(java.lang.String,java.lang.String)?[0m
  ?[32mThen ?[0m?[32muser is not created and error ?[0m?[32m?[1m"username should have at least 3 characters"?[0m?[32m is reported?[0m ?[90m# ohtu.Stepdefs.creatingFailsAndSystemWillRespond(java.lang.String)?[0m

Scenario: creation fails with correct username and too short password                         ?[90m# src/test/resources/ohtu/new_user.feature:13?[0m
  ?[32mGiven ?[0m?[32mcommand new user is selected?[0m                                                          ?[90m# ohtu.Stepdefs.newUserSelected()?[0m
  ?[32mWhen ?[0m?[32ma valid username ?[0m?[32m?[1m"pentti"?[0m?[32m and invalid password ?[0m?[32m?[1m"sal"?[0m?[32m are entered?[0m                       ?[90m# ohtu.Stepdefs.aValidUsernameAndInvalidPasswordAreEntered(java.lang.String,java.lang.String)?[0m
  ?[32mThen ?[0m?[32muser is not created and error ?[0m?[32m?[1m"password should have at least 8 characters"?[0m?[32m is reported?[0m ?[90m# ohtu.Stepdefs.creatingFailsAndSystemWillRespond(java.lang.String)?[0m

Scenario: creation fails when password and password confirmation do not match                                                 ?[90m# src/test/resources/ohtu/new_user.feature:18?[0m
  ?[32mGiven ?[0m?[32mcommand new user is selected?[0m                                                                                          ?[90m# ohtu.Stepdefs.newUserSelected()?[0m
  ?[32mWhen ?[0m?[32ma valid username ?[0m?[32m?[1m"liisa"?[0m?[32m and valid password ?[0m?[32m?[1m"salainen1"?[0m?[32m and not matching password confirmation ?[0m?[32m?[1m"salainen2"?[0m?[32m are entered?[0m ?[90m# ohtu.Stepdefs.aValidUsernameAndValidPasswordAndNotMatchingPasswordConfirmationAreEntered(java.lang.String,java.lang.String,java.lang.String)?[0m
  ?[32mThen ?[0m?[32muser is not created and error ?[0m?[32m?[1m"password and password confirmation do not match"?[0m?[32m is reported?[0m                            ?[90m# ohtu.Stepdefs.creatingFailsAndSystemWillRespond(java.lang.String)?[0m

Scenario: user can login with successfully generated account                       ?[90m# src/test/resources/ohtu/new_user.feature:23?[0m
  ?[32mGiven ?[0m?[32muser with username ?[0m?[32m?[1m"lea"?[0m?[32m with password ?[0m?[32m?[1m"salainen1"?[0m?[32m is successfully created?[0m ?[90m# ohtu.Stepdefs.successfullyCreatedUserCanLogIn(java.lang.String,java.lang.String)?[0m
  ?[32mAnd ?[0m?[32mlogin is selected?[0m                                                            ?[90m# ohtu.Stepdefs.loginIsSelected()?[0m
  ?[32mWhen ?[0m?[32mlog in with correct username ?[0m?[32m?[1m"lea"?[0m?[32m and password ?[0m?[32m?[1m"salainen1"?[0m?[32m are given?[0m       ?[90m# ohtu.Stepdefs.logInWithCorrectUsernameAndPasswordAreGiven(java.lang.String,java.lang.String)?[0m
  ?[32mThen ?[0m?[32muser is logged in?[0m                                                           ?[90m# ohtu.Stepdefs.userIsLoggedIn()?[0m

Scenario: user can not login with account that is not successfully created  ?[90m# src/test/resources/ohtu/new_user.feature:29?[0m
  ?[32mGiven ?[0m?[32muser with username ?[0m?[32m?[1m"aa"?[0m?[32m and password ?[0m?[32m?[1m"bad"?[0m?[32m is tried to be created?[0m   ?[90m# ohtu.Stepdefs.creatingDoesNotWorkWithInvalidUsernameOrPassword(java.lang.String,java.lang.String)?[0m
  ?[32mAnd ?[0m?[32mlogin is selected?[0m                                                     ?[90m# ohtu.Stepdefs.loginIsSelected()?[0m
  ?[32mWhen ?[0m?[32mlog in with not valid username ?[0m?[32m?[1m"aa"?[0m?[32m and password ?[0m?[32m?[1m"bad"?[0m?[32m does not work?[0m ?[90m# ohtu.Stepdefs.logInWithNotValidUsernameAndPasswordDoesNotWork(java.lang.String,java.lang.String)?[0m
  ?[32mThen ?[0m?[32muser is not logged in and error message is given?[0m                     ?[90m# ohtu.Stepdefs.userIsNotLoggedInAndErrorMessageIsGiven()?[0m
]]></system-out>
  <system-err><![CDATA[]]></system-err>
</testsuite>
