<?xml version="1.0" encoding="UTF-8"?>
<testsuite name="ohtu.matkakortti.KassapaateTest" tests="4" skipped="0" failures="0" errors="0" timestamp="2020-11-15T13:38:27" hostname="lx9-fuxi100" time="0.296">
  <properties/>
  <testcase name="kortiltaVelotetaanHintaJosRahaaOn" classname="ohtu.matkakortti.KassapaateTest" time="0.292"/>
  <testcase name="lataaEiLisaaJosNegatiivinenSumma" classname="ohtu.matkakortti.KassapaateTest" time="0.001"/>
  <testcase name="lataaLisaaVainPositiivisenSumman" classname="ohtu.matkakortti.KassapaateTest" time="0.001"/>
  <testcase name="kortiltaEiVelotetaJosRahaEiRiita" classname="ohtu.matkakortti.KassapaateTest" time="0.002"/>
  <system-out><![CDATA[]]></system-out>
  <system-err><![CDATA[]]></system-err>
</testsuite>
