<?xml version="1.0" encoding="UTF-8"?>
<testsuite name="ohtu.verkkokauppa.KauppaTest" tests="5" skipped="0" failures="0" errors="0" timestamp="2020-11-15T15:02:50" hostname="lx9-fuxi100" time="0.36">
  <properties/>
  <testcase name="kahdenEriOstoksenTekoOnnistuuOikeillaParametreilla" classname="ohtu.verkkokauppa.KauppaTest" time="0.35"/>
  <testcase name="jaljellaOlevanJaLoppuneenTuotteenOstaminenOttaaVainJaljellaOlevanTuotteenHinnan" classname="ohtu.verkkokauppa.KauppaTest" time="0.002"/>
  <testcase name="ostoksenTekoOnnistuuOikeillaParametreilla" classname="ohtu.verkkokauppa.KauppaTest" time="0.002"/>
  <testcase name="kahdenSamanOstoksenTekoOnnistuuOikeillaParametreilla" classname="ohtu.verkkokauppa.KauppaTest" time="0.002"/>
  <testcase name="ostoksenPaaytyttyaPankinMetodiaTilisiirtoKutsutaan" classname="ohtu.verkkokauppa.KauppaTest" time="0.002"/>
  <system-out><![CDATA[]]></system-out>
  <system-err><![CDATA[]]></system-err>
</testsuite>
